# JRE version: OpenJDK Runtime Environment Temurin-21.0.10+7 (21.0.10+7) (build 21.0.10+7-LTS)
# Java VM: OpenJDK 64-Bit Server VM Temurin-21.0.10+7 (21.0.10+7-LTS, mixed mode, tiered, compressed oops, compressed class ptrs, g1 gc, windows-amd64)
GC Precious Log:
 CardTable entry size: 512
 Card Set container configuration: InlinePtr #cards 4 size 8 Array Of Cards #cards 32 size 80 Howl #buckets 8 coarsen threshold 7372 Howl Bitmap #cards 1024 size 144 coarsen threshold 921 Card regions per heap region 1 cards per card region 8192
 CPUs: 16 total, 16 available
 Memory: 32000M
 Large Page Support: Disabled
 NUMA Support: Disabled
 Compressed Oops: Enabled (Zero based)
 Heap Region Size: 4M
 Heap Min Capacity: 8M
 Heap Initial Capacity: 504M
 Heap Max Capacity: 8004M
 Pre-touch: Disabled
 Parallel Workers: 13
 Concurrent Workers: 3
 Concurrent Refinement Workers: 13
 Periodic GC: Disabled
Heap:
 garbage-first heap   total 1007616K, used 170081K [0x000000060bc00000, 0x0000000800000000)
  region size 4096K, 1 young (4096K), 1 survivors (4096K)
 Metaspace       used 96745K, committed 98048K, reserved 1179648K
  class space    used 10346K, committed 10944K, reserved 1048576K
GC Heap History (20 events):
Event: 1344.086 GC heap after
{Heap after GC invocations=85 (full 0):
 garbage-first heap   total 1007616K, used 169265K [0x000000060bc00000, 0x0000000800000000)
  region size 4096K, 1 young (4096K), 1 survivors (4096K)
 Metaspace       used 95992K, committed 97280K, reserved 1179648K
  class space    used 10309K, committed 10880K, reserved 1048576K
}
Event: 1360.484 GC heap before
{Heap before GC invocations=85 (full 0):
 garbage-first heap   total 1007616K, used 767281K [0x000000060bc00000, 0x0000000800000000)
  region size 4096K, 147 young (602112K), 1 survivors (4096K)
 Metaspace       used 96107K, committed 97408K, reserved 1179648K
  class space    used 10309K, committed 10880K, reserved 1048576K
}
Event: 1360.486 GC heap after
{Heap after GC invocations=86 (full 0):
 garbage-first heap   total 1007616K, used 169552K [0x000000060bc00000, 0x0000000800000000)
  region size 4096K, 1 young (4096K), 1 survivors (4096K)
 Metaspace       used 96107K, committed 97408K, reserved 1179648K
  class space    used 10309K, committed 10880K, reserved 1048576K
}
Event: 1360.525 GC heap before
{Heap before GC invocations=86 (full 0):
 garbage-first heap   total 1007616K, used 767568K [0x000000060bc00000, 0x0000000800000000)
  region size 4096K, 147 young (602112K), 1 survivors (4096K)
 Metaspace       used 96107K, committed 97408K, reserved 1179648K
  class space    used 10309K, committed 10880K, reserved 1048576K
}
Event: 1360.527 GC heap after
{Heap after GC invocations=87 (full 0):
 garbage-first heap   total 1007616K, used 169243K [0x000000060bc00000, 0x0000000800000000)
  region size 4096K, 1 young (4096K), 1 survivors (4096K)
 Metaspace       used 96107K, committed 97408K, reserved 1179648K
  class space    used 10309K, committed 10880K, reserved 1048576K
}
Event: 1360.653 GC heap before
{Heap before GC invocations=87 (full 0):
 garbage-first heap   total 1007616K, used 767259K [0x000000060bc00000, 0x0000000800000000)
  region size 4096K, 147 young (602112K), 1 survivors (4096K)
 Metaspace       used 96300K, committed 97600K, reserved 1179648K
  class space    used 10321K, committed 10880K, reserved 1048576K
}
Event: 1360.656 GC heap after
{Heap after GC invocations=88 (full 0):
 garbage-first heap   total 1007616K, used 169555K [0x000000060bc00000, 0x0000000800000000)
  region size 4096K, 1 young (4096K), 1 survivors (4096K)
 Metaspace       used 96300K, committed 97600K, reserved 1179648K
  class space    used 10321K, committed 10880K, reserved 1048576K
}
Event: 1361.954 GC heap before
{Heap before GC invocations=88 (full 0):
 garbage-first heap   total 1007616K, used 767571K [0x000000060bc00000, 0x0000000800000000)
  region size 4096K, 147 young (602112K), 1 survivors (4096K)
 Metaspace       used 96307K, committed 97600K, reserved 1179648K
  class space    used 10321K, committed 10880K, reserved 1048576K
}
Event: 1361.955 GC heap after
{Heap after GC invocations=89 (full 0):
 garbage-first heap   total 1007616K, used 169561K [0x000000060bc00000, 0x0000000800000000)
  region size 4096K, 1 young (4096K), 1 survivors (4096K)
 Metaspace       used 96307K, committed 97600K, reserved 1179648K
  class space    used 10321K, committed 10880K, reserved 1048576K
}
Event: 1361.990 GC heap before
{Heap before GC invocations=89 (full 0):
 garbage-first heap   total 1007616K, used 767577K [0x000000060bc00000, 0x0000000800000000)
  region size 4096K, 147 young (602112K), 1 survivors (4096K)
 Metaspace       used 96307K, committed 97600K, reserved 1179648K
  class space    used 10321K, committed 10880K, reserved 1048576K
}
Event: 1361.992 GC heap after
{Heap after GC invocations=90 (full 0):
 garbage-first heap   total 1007616K, used 169486K [0x000000060bc00000, 0x0000000800000000)
  region size 4096K, 1 young (4096K), 1 survivors (4096K)
 Metaspace       used 96307K, committed 97600K, reserved 1179648K
  class space    used 10321K, committed 10880K, reserved 1048576K
}
Event: 1365.671 GC heap before
{Heap before GC invocations=90 (full 0):
 garbage-first heap   total 1007616K, used 767502K [0x000000060bc00000, 0x0000000800000000)
  region size 4096K, 147 young (602112K), 1 survivors (4096K)
 Metaspace       used 96506K, committed 97792K, reserved 1179648K
  class space    used 10333K, committed 10944K, reserved 1048576K
}
Event: 1365.673 GC heap after
{Heap after GC invocations=91 (full 0):
 garbage-first heap   total 1007616K, used 169842K [0x000000060bc00000, 0x0000000800000000)
  region size 4096K, 1 young (4096K), 1 survivors (4096K)
 Metaspace       used 96506K, committed 97792K, reserved 1179648K
  class space    used 10333K, committed 10944K, reserved 1048576K
}
Event: 1365.708 GC heap before
{Heap before GC invocations=91 (full 0):
 garbage-first heap   total 1007616K, used 767858K [0x000000060bc00000, 0x0000000800000000)
  region size 4096K, 147 young (602112K), 1 survivors (4096K)
 Metaspace       used 96506K, committed 97792K, reserved 1179648K
  class space    used 10333K, committed 10944K, reserved 1048576K
}
Event: 1365.710 GC heap after
{Heap after GC invocations=92 (full 0):
 garbage-first heap   total 1007616K, used 169893K [0x000000060bc00000, 0x0000000800000000)
  region size 4096K, 1 young (4096K), 1 survivors (4096K)
 Metaspace       used 96506K, committed 97792K, reserved 1179648K
  class space    used 10333K, committed 10944K, reserved 1048576K
}
Event: 1366.299 GC heap before
{Heap before GC invocations=92 (full 0):
 garbage-first heap   total 1007616K, used 767909K [0x000000060bc00000, 0x0000000800000000)
  region size 4096K, 147 young (602112K), 1 survivors (4096K)
 Metaspace       used 96745K, committed 98048K, reserved 1179648K
  class space    used 10346K, committed 10944K, reserved 1048576K
}
Event: 1366.301 GC heap after
{Heap after GC invocations=93 (full 0):
 garbage-first heap   total 1007616K, used 170243K [0x000000060bc00000, 0x0000000800000000)
  region size 4096K, 1 young (4096K), 1 survivors (4096K)
 Metaspace       used 96745K, committed 98048K, reserved 1179648K
  class space    used 10346K, committed 10944K, reserved 1048576K
}
Event: 1366.337 GC heap before
{Heap before GC invocations=93 (full 0):
 garbage-first heap   total 1007616K, used 768259K [0x000000060bc00000, 0x0000000800000000)
  region size 4096K, 147 young (602112K), 1 survivors (4096K)
 Metaspace       used 96745K, committed 98048K, reserved 1179648K
  class space    used 10346K, committed 10944K, reserved 1048576K
}
Event: 1366.338 GC heap after
{Heap after GC invocations=94 (full 0):
 garbage-first heap   total 1007616K, used 170034K [0x000000060bc00000, 0x0000000800000000)
  region size 4096K, 1 young (4096K), 1 survivors (4096K)
 Metaspace       used 96745K, committed 98048K, reserved 1179648K
  class space    used 10346K, committed 10944K, reserved 1048576K
}
Event: 1366.380 GC heap before
{Heap before GC invocations=94 (full 0):
 garbage-first heap   total 1007616K, used 768050K [0x000000060bc00000, 0x0000000800000000)
  region size 4096K, 147 young (602112K), 1 survivors (4096K)
 Metaspace       used 96745K, committed 98048K, reserved 1179648K
  class space    used 10346K, committed 10944K, reserved 1048576K
}

